This is pdfTeX, Version 3.14159265-2.6-1.40.20 (TeX Live 2019) (preloaded format=latex 2019.9.15)  24 NOV 2019 19:39
entering extended mode
 restricted \write18 enabled.
 file:line:error style messages enabled.
 %&-line parsing enabled.
**draft.tex
(./draft.tex
LaTeX2e <2018-12-01>
(./llncs.cls
Document Class: llncs 2018/03/10 v2.20 
 LaTeX document class for Lecture Notes in Computer Science
(/usr/local/texlive/2019basic/texmf-dist/tex/latex/base/article.cls
Document Class: article 2018/09/03 v1.4i Standard LaTeX document class
(/usr/local/texlive/2019basic/texmf-dist/tex/latex/base/size10.clo
File: size10.clo 2018/09/03 v1.4i Standard LaTeX file (size option)
)
\c@part=\count80
\c@section=\count81
\c@subsection=\count82
\c@subsubsection=\count83
\c@paragraph=\count84
\c@subparagraph=\count85
\c@figure=\count86
\c@table=\count87
\abovecaptionskip=\skip41
\belowcaptionskip=\skip42
\bibindent=\dimen102
) (/usr/local/texlive/2019basic/texmf-dist/tex/latex/tools/multicol.sty
Package: multicol 2018/12/27 v1.8v multicolumn formatting (FMi)
\c@tracingmulticols=\count88
\mult@box=\box27
\multicol@leftmargin=\dimen103
\c@unbalance=\count89
\c@collectmore=\count90
\doublecol@number=\count91
\multicoltolerance=\count92
\multicolpretolerance=\count93
\full@width=\dimen104
\page@free=\dimen105
\premulticols=\dimen106
\postmulticols=\dimen107
\multicolsep=\skip43
\multicolbaselineskip=\skip44
\partial@page=\box28
\last@line=\box29
\maxbalancingoverflow=\dimen108
\mult@rightbox=\box30
\mult@grightbox=\box31
\mult@gfirstbox=\box32
\mult@firstbox=\box33
\@tempa=\box34
\@tempa=\box35
\@tempa=\box36
\@tempa=\box37
\@tempa=\box38
\@tempa=\box39
\@tempa=\box40
\@tempa=\box41
\@tempa=\box42
\@tempa=\box43
\@tempa=\box44
\@tempa=\box45
\@tempa=\box46
\@tempa=\box47
\@tempa=\box48
\@tempa=\box49
\@tempa=\box50
\c@columnbadness=\count94
\c@finalcolumnbadness=\count95
\last@try=\dimen109
\multicolovershoot=\dimen110
\multicolundershoot=\dimen111
\mult@nat@firstbox=\box51
\colbreak@box=\box52
\mc@col@check@num=\count96
) (/usr/local/texlive/2019basic/texmf-dist/tex/latex/oberdiek/aliascnt.sty
Package: aliascnt 2018/09/07 v1.5 Alias counters (HO)
)
\c@chapter=\count97
LaTeX Font Info:    Redeclaring math symbol \Gamma on input line 362.
LaTeX Font Info:    Redeclaring math symbol \Delta on input line 363.
LaTeX Font Info:    Redeclaring math symbol \Theta on input line 364.
LaTeX Font Info:    Redeclaring math symbol \Lambda on input line 365.
LaTeX Font Info:    Redeclaring math symbol \Xi on input line 366.
LaTeX Font Info:    Redeclaring math symbol \Pi on input line 367.
LaTeX Font Info:    Redeclaring math symbol \Sigma on input line 368.
LaTeX Font Info:    Redeclaring math symbol \Upsilon on input line 369.
LaTeX Font Info:    Redeclaring math symbol \Phi on input line 370.
LaTeX Font Info:    Redeclaring math symbol \Psi on input line 371.
LaTeX Font Info:    Redeclaring math symbol \Omega on input line 372.
\tocchpnum=\dimen112
\tocsecnum=\dimen113
\tocsectotal=\dimen114
\tocsubsecnum=\dimen115
\tocsubsectotal=\dimen116
\tocsubsubsecnum=\dimen117
\tocsubsubsectotal=\dimen118
\tocparanum=\dimen119
\tocparatotal=\dimen120
\tocsubparanum=\dimen121
\@tempcntc=\count98
\fnindent=\dimen122
\c@@inst=\count99
\c@@auth=\count100
\c@auco=\count101
\instindent=\dimen123
\authrun=\box53
\authorrunning=\toks14
\tocauthor=\toks15
\titrun=\box54
\titlerunning=\toks16
\toctitle=\toks17
\c@theorem=\count102
\c@case=\count103
\c@conjecture=\count104
\c@corollary=\count105
\c@definition=\count106
\c@example=\count107
\c@exercise=\count108
\c@lemma=\count109
\c@note=\count110
\c@problem=\count111
\c@property=\count112
\c@proposition=\count113
\c@question=\count114
\c@solution=\count115
\c@remark=\count116
\headlineindent=\dimen124
) (/usr/local/texlive/2019basic/texmf-dist/tex/latex/graphics/graphicx.sty
Package: graphicx 2017/06/01 v1.1a Enhanced LaTeX Graphics (DPC,SPQR)
 (/usr/local/texlive/2019basic/texmf-dist/tex/latex/graphics/keyval.sty
Package: keyval 2014/10/28 v1.15 key=value parser (DPC)
\KV@toks@=\toks18
) (/usr/local/texlive/2019basic/texmf-dist/tex/latex/graphics/graphics.sty
Package: graphics 2017/06/25 v1.2c Standard LaTeX Graphics (DPC,SPQR)
 (/usr/local/texlive/2019basic/texmf-dist/tex/latex/graphics/trig.sty
Package: trig 2016/01/03 v1.10 sin cos tan (DPC)
) (/usr/local/texlive/2019basic/texmf-dist/tex/latex/graphics-cfg/graphics.cfg
File: graphics.cfg 2016/06/04 v1.11 sample graphics configuration
)
Package graphics Info: Driver file: dvips.def on input line 99.
 (/usr/local/texlive/2019basic/texmf-dist/tex/latex/graphics-def/dvips.def
File: dvips.def 2017/06/20 v3.1d Graphics/color driver for dvips
))
\Gin@req@height=\dimen125
\Gin@req@width=\dimen126
) (/usr/local/texlive/2019basic/texmf-dist/tex/latex/listings/listings.sty
\lst@mode=\count117
\lst@gtempboxa=\box55
\lst@token=\toks19
\lst@length=\count118
\lst@currlwidth=\dimen127
\lst@column=\count119
\lst@pos=\count120
\lst@lostspace=\dimen128
\lst@width=\dimen129
\lst@newlines=\count121
\lst@lineno=\count122
\lst@maxwidth=\dimen130
 (/usr/local/texlive/2019basic/texmf-dist/tex/latex/listings/lstmisc.sty
File: lstmisc.sty 2019/02/27 1.8b (Carsten Heinz)
\c@lstnumber=\count123
\lst@skipnumbers=\count124
\lst@framebox=\box56
) (/usr/local/texlive/2019basic/texmf-dist/tex/latex/listings/listings.cfg
File: listings.cfg 2019/02/27 1.8b listings configuration
))
Package: listings 2019/02/27 1.8b (Carsten Heinz)
 (/Users/rpage/Sites/lois-kg/manuscripts/swat4ls/.texpadtmp/draft.aux)
\openout1 = `draft.aux'.

LaTeX Font Info:    Checking defaults for OML/cmm/m/it on input line 14.
LaTeX Font Info:    ... okay on input line 14.
LaTeX Font Info:    Checking defaults for T1/cmr/m/n on input line 14.
LaTeX Font Info:    ... okay on input line 14.
LaTeX Font Info:    Checking defaults for OT1/cmr/m/n on input line 14.
LaTeX Font Info:    ... okay on input line 14.
LaTeX Font Info:    Checking defaults for OMS/cmsy/m/n on input line 14.
LaTeX Font Info:    ... okay on input line 14.
LaTeX Font Info:    Checking defaults for OMX/cmex/m/n on input line 14.
LaTeX Font Info:    ... okay on input line 14.
LaTeX Font Info:    Checking defaults for U/cmr/m/n on input line 14.
LaTeX Font Info:    ... okay on input line 14.
\c@lstlisting=\count125
LaTeX Font Info:    External font `cmex10' loaded for size
(Font)              <7> on input line 27.
LaTeX Font Info:    External font `cmex10' loaded for size
(Font)              <5> on input line 27.
LaTeX Font Info:    Try loading font information for OMS+cmr on input line 32.
 (/usr/local/texlive/2019basic/texmf-dist/tex/latex/base/omscmr.fd
File: omscmr.fd 2014/09/29 v2.5h Standard LaTeX font definitions
)
LaTeX Font Info:    Font shape `OMS/cmr/m/n' in size <9> not available
(Font)              Font shape `OMS/cmsy/m/n' tried instead on input line 32.
 [1

]
LaTeX Font Info:    External font `cmex10' loaded for size
(Font)              <9> on input line 48.
LaTeX Font Info:    External font `cmex10' loaded for size
(Font)              <6> on input line 48.
 [2]
File: author.eps Graphic file (type eps)
 <author.eps> [3]
File: ipni.eps Graphic file (type eps)
 <ipni.eps>
Overfull \hbox (38.3927pt too wide) in paragraph at lines 78--79
\OT1/cmr/m/it/10 Mi-naria cor-data \OT1/cmr/m/n/10 (Turcz.) T.U.P.Konno & Rap-ini (LSID urn:lsid:ipni.org:names:77074588-
 []

[4] [5] (/Users/rpage/Sites/lois-kg/manuscripts/swat4ls/.texpadtmp/draft.bbl
Underfull \hbox (badness 4686) in paragraph at lines 22--25
[]\OT1/cmr/m/n/9 Franz, N.M., Sterner, B.W.: To in-crease trust, change the so-cial de-
 []


Underfull \hbox (badness 6364) in paragraph at lines 22--25
\OT1/cmr/m/n/9 sign be-hind ag-gre-gated bio-di-ver-sity data. Database \OT1/cmr/bx/n/9 2018 \OT1/cmr/m/n/9 (Jan 2018).
 []


Underfull \hbox (badness 10000) in paragraph at lines 27--29
[]\OT1/cmr/m/n/9 Holland, V.T., John-son, J.: In-tro-duc-ing 'Role' (2014),
 []


Underfull \hbox (badness 1881) in paragraph at lines 36--39
[]\OT1/cmr/m/n/9 Konno, T.U.P., Rap-ini, A., Goy-der, D.J., Chase, M.W.: The new genus
 []


Underfull \hbox (badness 3954) in paragraph at lines 36--39
\OT1/cmr/m/n/9 Mi-naria (As-cle-pi-adoideae, Apoc-y-naceae). TAXON \OT1/cmr/bx/n/9 55\OT1/cmr/m/n/9 (2), 421--430 (2006).
 []


Underfull \hbox (badness 1881) in paragraph at lines 59--63
\OT1/cmr/m/n/9 P., Simov, K.: Open-Bio-div: A Knowl-edge Graph for Literature-Extracted
 []

[6]
Underfull \hbox (badness 1057) in paragraph at lines 65--71
\OT1/cmr/m/n/9 T., Barker, C., Hop-kins, C., Robert, V., Bis-erkov, J., Stoev, P.: A com-
 []

) [7]
Overfull \hbox (11.97577pt too wide) in paragraph at lines 162--163
[][][][][][][][][][][][][][] 
 []

[8] (/Users/rpage/Sites/lois-kg/manuscripts/swat4ls/.texpadtmp/draft.aux) ) 
Here is how much of TeX's memory you used:
 2645 strings out of 494061
 34549 string characters out of 6163061
 121981 words of memory out of 5000000
 6371 multiletter control sequences out of 15000+600000
 7970 words of font info for 29 fonts, out of 8000000 for 9000
 319 hyphenation exceptions out of 8191
 29i,9n,32p,1250b,1020s stack positions out of 5000i,500n,10000p,200000b,80000s

Output written on /Users/rpage/Sites/lois-kg/manuscripts/swat4ls/.texpadtmp/draft.dvi (8 pages, 33116 bytes).
